0 info it worked if it ends with ok
1 verbose cli [ '/usr/local/node-v4.8.0-linux-x64/bin/node',
1 verbose cli   '/usr/local/bin/npm',
1 verbose cli   'run',
1 verbose cli   'watch' ]
2 info using npm@2.15.11
3 info using node@v4.8.0
4 verbose run-script [ 'prewatch', 'watch', 'postwatch' ]
5 info prewatch OTM2@2.0.0
6 info watch OTM2@2.0.0
7 verbose unsafe-perm in lifecycle true
8 info OTM2@2.0.0 Failed to exec watch script
9 verbose stack Error: OTM2@2.0.0 watch: `webpack-dev-server --config webpack.dev.config.js --host 0.0.0.0 --port 6062 --content-base static/`
9 verbose stack Exit status 1
9 verbose stack     at EventEmitter.<anonymous> (/usr/local/node-v4.8.0-linux-x64/lib/node_modules/npm/lib/utils/lifecycle.js:217:16)
9 verbose stack     at emitTwo (events.js:87:13)
9 verbose stack     at EventEmitter.emit (events.js:172:7)
9 verbose stack     at ChildProcess.<anonymous> (/usr/local/node-v4.8.0-linux-x64/lib/node_modules/npm/lib/utils/spawn.js:24:14)
9 verbose stack     at emitTwo (events.js:87:13)
9 verbose stack     at ChildProcess.emit (events.js:172:7)
9 verbose stack     at maybeClose (internal/child_process.js:854:16)
9 verbose stack     at Process.ChildProcess._handle.onexit (internal/child_process.js:222:5)
10 verbose pkgid OTM2@2.0.0
11 verbose cwd /opt/app/core
12 error Linux 3.13.0-83-generic
13 error argv "/usr/local/node-v4.8.0-linux-x64/bin/node" "/usr/local/bin/npm" "run" "watch"
14 error node v4.8.0
15 error npm  v2.15.11
16 error code ELIFECYCLE
17 error OTM2@2.0.0 watch: `webpack-dev-server --config webpack.dev.config.js --host 0.0.0.0 --port 6062 --content-base static/`
17 error Exit status 1
18 error Failed at the OTM2@2.0.0 watch script 'webpack-dev-server --config webpack.dev.config.js --host 0.0.0.0 --port 6062 --content-base static/'.
18 error This is most likely a problem with the OTM2 package,
18 error not with npm itself.
18 error Tell the author that this fails on your system:
18 error     webpack-dev-server --config webpack.dev.config.js --host 0.0.0.0 --port 6062 --content-base static/
18 error You can get information on how to open an issue for this project with:
18 error     npm bugs OTM2
18 error Or if that isn't available, you can get their info via:
18 error
18 error     npm owner ls OTM2
18 error There is likely additional logging output above.
19 verbose exit [ 1, true ]
